c:\users\jean-baptiste\documents\visual studio 2017\projects\image-editor\consoleapplication2\x64\debug\consoleapplication2.pch
c:\users\jean-baptiste\documents\visual studio 2017\projects\image-editor\consoleapplication2\x64\debug\vc141.pdb
c:\users\jean-baptiste\documents\visual studio 2017\projects\image-editor\consoleapplication2\x64\debug\vc141.idb
c:\users\jean-baptiste\documents\visual studio 2017\projects\image-editor\consoleapplication2\x64\debug\stdafx.obj
c:\users\jean-baptiste\documents\visual studio 2017\projects\image-editor\consoleapplication2\x64\debug\consoleapplication2.obj
c:\users\jean-baptiste\documents\visual studio 2017\projects\image-editor\x64\debug\consoleapplication2.ilk
c:\users\jean-baptiste\documents\visual studio 2017\projects\image-editor\x64\debug\consoleapplication2.exe
c:\users\jean-baptiste\documents\visual studio 2017\projects\image-editor\x64\debug\consoleapplication2.pdb
c:\users\dell\documents\visual studio 2017\projects\image-editor\consoleapplication2\x64\debug\consoleapplication2.obj
c:\users\dell\documents\visual studio 2017\projects\image-editor\consoleapplication2\x64\debug\stdafx.obj
c:\users\dell\documents\visual studio 2017\projects\image-editor\consoleapplication2\x64\debug\consoleapplication2.pch
c:\users\dell\documents\visual studio 2017\projects\image-editor\consoleapplication2\x64\debug\vc141.idb
c:\users\dell\documents\visual studio 2017\projects\image-editor\consoleapplication2\x64\debug\vc141.pdb
c:\users\dell\documents\visual studio 2017\projects\image-editor\x64\debug\consoleapplication2.pdb
c:\users\dell\documents\visual studio 2017\projects\image-editor\x64\debug\consoleapplication2.exe
c:\users\dell\documents\visual studio 2017\projects\image-editor\x64\debug\consoleapplication2.ilk
c:\users\dell\documents\visual studio 2017\projects\image-editor\consoleapplication2\x64\debug\consolea.36f1264c.tlog\cl.command.1.tlog
c:\users\dell\documents\visual studio 2017\projects\image-editor\consoleapplication2\x64\debug\consolea.36f1264c.tlog\cl.read.1.tlog
c:\users\dell\documents\visual studio 2017\projects\image-editor\consoleapplication2\x64\debug\consolea.36f1264c.tlog\cl.write.1.tlog
c:\users\dell\documents\visual studio 2017\projects\image-editor\consoleapplication2\x64\debug\consolea.36f1264c.tlog\link.command.1.tlog
c:\users\dell\documents\visual studio 2017\projects\image-editor\consoleapplication2\x64\debug\consolea.36f1264c.tlog\link.read.1.tlog
c:\users\dell\documents\visual studio 2017\projects\image-editor\consoleapplication2\x64\debug\consolea.36f1264c.tlog\link.write.1.tlog
